{
  "RSpec": {
    "coverage": {
      "/Users/peterlynch/Projects/doggie-rescue-backend/doggie-rescue/app/models/pet.rb": {
        "lines": [
          1,
          1,
          1,
          1,
          null,
          null,
          null,
          1,
          null,
          1,
          null,
          null
        ]
      },
      "/Users/peterlynch/Projects/doggie-rescue-backend/doggie-rescue/app/models/application_record.rb": {
        "lines": [
          1,
          1,
          null
        ]
      },
      "/Users/peterlynch/Projects/doggie-rescue-backend/doggie-rescue/app/models/user.rb": {
        "lines": [
          1,
          1,
          1,
          null,
          1,
          1,
          null,
          1,
          null
        ]
      },
      "/Users/peterlynch/Projects/doggie-rescue-backend/doggie-rescue/app/controllers/application_controller.rb": {
        "lines": [
          1,
          1,
          null
        ]
      },
      "/Users/peterlynch/Projects/doggie-rescue-backend/doggie-rescue/app/controllers/pets_controller.rb": {
        "lines": [
          1,
          1,
          null,
          null,
          null,
          1,
          4,
          4,
          null,
          null,
          null,
          null,
          null,
          1,
          0,
          null,
          null,
          null,
          1,
          3,
          null,
          3,
          2,
          null,
          0,
          null,
          null,
          null,
          null,
          1,
          0,
          0,
          0,
          null,
          0,
          null,
          null,
          null,
          null,
          1,
          0,
          0,
          null,
          null,
          1,
          null,
          1,
          null,
          0,
          null,
          0,
          null,
          null,
          null,
          null,
          1,
          3,
          null,
          null,
          null
        ]
      },
      "/Users/peterlynch/Projects/doggie-rescue-backend/doggie-rescue/app/models/pet_trait.rb": {
        "lines": [
          1,
          1,
          1,
          null
        ]
      },
      "/Users/peterlynch/Projects/doggie-rescue-backend/doggie-rescue/app/models/trait_option.rb": {
        "lines": [
          1,
          1,
          1,
          1,
          null
        ]
      },
      "/Users/peterlynch/Projects/doggie-rescue-backend/doggie-rescue/app/controllers/users_controller.rb": {
        "lines": [
          1,
          null,
          null,
          1,
          4,
          null,
          4,
          null,
          null,
          1,
          0,
          null,
          0,
          null,
          null,
          null,
          1,
          0,
          0,
          null,
          null,
          null,
          1,
          2,
          null,
          2,
          0,
          0,
          null,
          2,
          null,
          null,
          null,
          1,
          0,
          0,
          0,
          0,
          0,
          null,
          0,
          0,
          null,
          null,
          null,
          1,
          0,
          null,
          null,
          0,
          0,
          null,
          0,
          null,
          null,
          null,
          null,
          1,
          null,
          0,
          0,
          null,
          0,
          null,
          null,
          null,
          null,
          1,
          0,
          null,
          null,
          null,
          1,
          null,
          0,
          0,
          null,
          0,
          null,
          0,
          0,
          0,
          null,
          null,
          null,
          null,
          null,
          0,
          null,
          null,
          null,
          1,
          null,
          1,
          0,
          null,
          null,
          1,
          0,
          null,
          null,
          null,
          1,
          2,
          null,
          null,
          1,
          0,
          null,
          null,
          null
        ]
      },
      "/Users/peterlynch/Projects/doggie-rescue-backend/doggie-rescue/app/mailers/application_mailer.rb": {
        "lines": [
          0,
          0,
          0,
          0
        ],
        "branches": {
        }
      },
      "/Users/peterlynch/Projects/doggie-rescue-backend/doggie-rescue/app/models/shortlist.rb": {
        "lines": [
          0,
          0,
          null,
          0
        ],
        "branches": {
        }
      },
      "/Users/peterlynch/Projects/doggie-rescue-backend/doggie-rescue/app/models/adoption.rb": {
        "lines": [
          0,
          0,
          0,
          0
        ],
        "branches": {
        }
      },
      "/Users/peterlynch/Projects/doggie-rescue-backend/doggie-rescue/app/models/trait.rb": {
        "lines": [
          0,
          0,
          0
        ],
        "branches": {
        }
      },
      "/Users/peterlynch/Projects/doggie-rescue-backend/doggie-rescue/app/models/preference.rb": {
        "lines": [
          0,
          0,
          0,
          null,
          null,
          0
        ],
        "branches": {
        }
      },
      "/Users/peterlynch/Projects/doggie-rescue-backend/doggie-rescue/app/jobs/application_job.rb": {
        "lines": [
          0,
          null,
          null,
          null,
          null,
          null,
          0
        ],
        "branches": {
        }
      },
      "/Users/peterlynch/Projects/doggie-rescue-backend/doggie-rescue/app/controllers/shortlists_controller.rb": {
        "lines": [
          0,
          null,
          null,
          null,
          null,
          0,
          0,
          0,
          0,
          0,
          0,
          0,
          null,
          0,
          0,
          null,
          null,
          0,
          0,
          0,
          null,
          null,
          0,
          0,
          null,
          0,
          0,
          0,
          0,
          0,
          0,
          null,
          null,
          0,
          0,
          0,
          0,
          0,
          0,
          0,
          null,
          null,
          0,
          0,
          0,
          null,
          0,
          null,
          0,
          0,
          0,
          null,
          null,
          0,
          0,
          0,
          0,
          0,
          0
        ],
        "branches": {
        }
      },
      "/Users/peterlynch/Projects/doggie-rescue-backend/doggie-rescue/app/controllers/user_token_controller.rb": {
        "lines": [
          0,
          0,
          0
        ],
        "branches": {
        }
      },
      "/Users/peterlynch/Projects/doggie-rescue-backend/doggie-rescue/app/channels/application_cable/connection.rb": {
        "lines": [
          0,
          0,
          0,
          0
        ],
        "branches": {
        }
      },
      "/Users/peterlynch/Projects/doggie-rescue-backend/doggie-rescue/app/channels/application_cable/channel.rb": {
        "lines": [
          0,
          0,
          0,
          0
        ],
        "branches": {
        }
      }
    },
    "timestamp": 1612860557
  }
}
